<?xml version="1.0" encoding="UTF-8"?>
<!-- Generated by org.testng.reporters.JUnitReportReporter -->
<testsuite hostname="LAPTOP-6UNA8P7R" failures="0" tests="1" name="TestRunnerFiles.TestNgTestRunner" time="9.972" errors="0" timestamp="15 Jul 2023 02:54:21 GMT" skipped="0">
  <testcase classname="TestRunnerFiles.TestNgTestRunner" name="runScenario" time="9.972"/>
</testsuite> <!-- TestRunnerFiles.TestNgTestRunner -->
