<?xml version="1.0" encoding="UTF-8"?>
<!-- Generated by org.testng.reporters.JUnitReportReporter -->
<testsuite skipped="0" hostname="LAPTOP-6UNA8P7R" name="TestRunnerFiles.TestNgTestRunner" tests="1" failures="0" timestamp="15 Jul 2023 04:34:14 GMT" time="7.753" errors="0">
  <testcase name="runScenario" time="7.753" classname="TestRunnerFiles.TestNgTestRunner"/>
</testsuite> <!-- TestRunnerFiles.TestNgTestRunner -->
